<?xml version="1.0" encoding="UTF-8"?>
<testsuite xmlns:xsi="http://www.w3.org/2001/XMLSchema-instance" xsi:noNamespaceSchemaLocation="https://maven.apache.org/surefire/maven-surefire-plugin/xsd/surefire-test-report-3.0.xsd" version="3.0" name="com.example.runners.TestRunner" time="4.318" tests="3" errors="0" skipped="0" failures="0">
  <properties>
[...]
</properties>
  <testcase name="Access the Selenium initial Screen - Tets" classname="Access the Selenium initial Screen" time="1.692">
    <system-out><![CDATA[
@test
Scenario: Access the Selenium initial Screen - Tets            &amp#27;[90m# features/first.feature:15&amp#27;[0m
Starting scenario: Access the Selenium initial Screen - Tets
  &amp#27;[32mWhen &amp#27;[0m&amp#27;[32mhe accesses the URL &amp#27;[0m&amp#27;[32m&amp#27;[1m"https://www.selenium.dev/"&amp#27;[0m         &amp#27;[90m# com.example.stepdefinitions.LoginSteps.he_accesses_the_url(java.lang.String)&amp#27;[0m
  &amp#27;[32mThen &amp#27;[0m&amp#27;[32mhe should see the title &amp#27;[0m&amp#27;[32m&amp#27;[1m"SeleniumHQ Browser Automation"&amp#27;[0m &amp#27;[90m# com.example.stepdefinitions.LoginSteps.he_should_see_the_title(java.lang.String)&amp#27;[0m
Finished scenario: Access the Selenium initial Screen - Tets Status: PASSED
]]></system-out>
    <system-err><![CDATA[Starting ChromeDriver 135.0.7049.97 (b41307079c9b35daccd61645369ffd2e9b93438d-refs/branch-heads/7049@{#1838}) on port 56923
Only local connections are allowed.
Please see https://chromedriver.chromium.org/security-considerations for suggestions on keeping ChromeDriver safe.
ChromeDriver was started successfully on port 56923.
Apr 23, 2025 5:49:53 PM org.openqa.selenium.remote.ProtocolHandshake createSession
INFO: Detected dialect: W3C
]]></system-err>
  </testcase>
  <testcase name="Access the Selenium initial Screen - Regression" classname="Access the Selenium initial Screen" time="1.166">
    <system-out><![CDATA[
@regression
Scenario: Access the Selenium initial Screen - Regression      &amp#27;[90m# features/first.feature:10&amp#27;[0m
Starting scenario: Access the Selenium initial Screen - Regression
  &amp#27;[32mWhen &amp#27;[0m&amp#27;[32mhe accesses the URL &amp#27;[0m&amp#27;[32m&amp#27;[1m"https://www.selenium.dev/"&amp#27;[0m         &amp#27;[90m# com.example.stepdefinitions.LoginSteps.he_accesses_the_url(java.lang.String)&amp#27;[0m
  &amp#27;[32mThen &amp#27;[0m&amp#27;[32mhe should see the title &amp#27;[0m&amp#27;[32m&amp#27;[1m"SeleniumHQ Browser Automation"&amp#27;[0m &amp#27;[90m# com.example.stepdefinitions.LoginSteps.he_should_see_the_title(java.lang.String)&amp#27;[0m
Finished scenario: Access the Selenium initial Screen - Regression Status: PASSED
]]></system-out>
    <system-err><![CDATA[Starting ChromeDriver 135.0.7049.97 (b41307079c9b35daccd61645369ffd2e9b93438d-refs/branch-heads/7049@{#1838}) on port 23858
Only local connections are allowed.
Please see https://chromedriver.chromium.org/security-considerations for suggestions on keeping ChromeDriver safe.
ChromeDriver was started successfully on port 23858.
Apr 23, 2025 5:49:54 PM org.openqa.selenium.remote.ProtocolHandshake createSession
INFO: Detected dialect: W3C
]]></system-err>
  </testcase>
  <testcase name="Access the Selenium initial Screen - Smoke" classname="Access the Selenium initial Screen" time="1.185">
    <system-out><![CDATA[
@smoke
Scenario: Access the Selenium initial Screen - Smoke           &amp#27;[90m# features/first.feature:4&amp#27;[0m
Starting scenario: Access the Selenium initial Screen - Smoke
  &amp#27;[32mWhen &amp#27;[0m&amp#27;[32mhe accesses the URL &amp#27;[0m&amp#27;[32m&amp#27;[1m"https://www.selenium.dev/"&amp#27;[0m         &amp#27;[90m# com.example.stepdefinitions.LoginSteps.he_accesses_the_url(java.lang.String)&amp#27;[0m
  &amp#27;[32mThen &amp#27;[0m&amp#27;[32mhe should see the title &amp#27;[0m&amp#27;[32m&amp#27;[1m"SeleniumHQ Browser Automation"&amp#27;[0m &amp#27;[90m# com.example.stepdefinitions.LoginSteps.he_should_see_the_title(java.lang.String)&amp#27;[0m
Finished scenario: Access the Selenium initial Screen - Smoke Status: PASSED
]]></system-out>
    <system-err><![CDATA[Starting ChromeDriver 135.0.7049.97 (b41307079c9b35daccd61645369ffd2e9b93438d-refs/branch-heads/7049@{#1838}) on port 11172
Only local connections are allowed.
Please see https://chromedriver.chromium.org/security-considerations for suggestions on keeping ChromeDriver safe.
ChromeDriver was started successfully on port 11172.
Apr 23, 2025 5:49:55 PM org.openqa.selenium.remote.ProtocolHandshake createSession
INFO: Detected dialect: W3C
]]></system-err>
  </testcase>
</testsuite>